2021-05-24 10:09:14,569 - root - INFO - ** Kedro project kedro_iris
2021-05-24 10:09:15,530 - kedro.io.data_catalog - INFO - Loading data from `example_iris_data` (CSVDataSet)...
2021-05-24 10:09:15,544 - kedro.io.data_catalog - INFO - Loading data from `params:example_test_data_ratio` (MemoryDataSet)...
2021-05-24 10:09:15,545 - kedro.pipeline.node - INFO - Running node: split: split_data([example_iris_data,params:example_test_data_ratio]) -> [example_test_x,example_test_y,example_train_x,example_train_y]
2021-05-24 10:09:15,635 - kedro.io.data_catalog - INFO - Saving data to `example_train_x` (MemoryDataSet)...
2021-05-24 10:09:15,635 - kedro.io.data_catalog - INFO - Saving data to `example_train_y` (MemoryDataSet)...
2021-05-24 10:09:15,636 - kedro.io.data_catalog - INFO - Saving data to `example_test_x` (MemoryDataSet)...
2021-05-24 10:09:15,636 - kedro.io.data_catalog - INFO - Saving data to `example_test_y` (MemoryDataSet)...
2021-05-24 10:09:15,637 - kedro.runner.sequential_runner - INFO - Completed 1 out of 4 tasks
2021-05-24 10:09:15,638 - kedro.io.data_catalog - INFO - Loading data from `example_train_x` (MemoryDataSet)...
2021-05-24 10:09:15,638 - kedro.io.data_catalog - INFO - Loading data from `example_train_y` (MemoryDataSet)...
2021-05-24 10:09:15,639 - kedro.io.data_catalog - INFO - Loading data from `parameters` (MemoryDataSet)...
2021-05-24 10:09:15,639 - kedro.pipeline.node - INFO - Running node: train: train_model([example_train_x,example_train_y,parameters]) -> [example_model]
2021-05-24 10:09:16,889 - kedro.io.data_catalog - INFO - Saving data to `example_model` (MemoryDataSet)...
2021-05-24 10:09:16,890 - kedro.runner.sequential_runner - INFO - Completed 2 out of 4 tasks
2021-05-24 10:09:16,890 - kedro.io.data_catalog - INFO - Loading data from `example_model` (MemoryDataSet)...
2021-05-24 10:09:16,891 - kedro.io.data_catalog - INFO - Loading data from `example_test_x` (MemoryDataSet)...
2021-05-24 10:09:16,891 - kedro.pipeline.node - INFO - Running node: predict: predict([example_model,example_test_x]) -> [example_predictions]
2021-05-24 10:09:16,892 - kedro.io.data_catalog - INFO - Saving data to `example_predictions` (MemoryDataSet)...
2021-05-24 10:09:16,892 - kedro.runner.sequential_runner - INFO - Completed 3 out of 4 tasks
2021-05-24 10:09:16,893 - kedro.io.data_catalog - INFO - Loading data from `example_predictions` (MemoryDataSet)...
2021-05-24 10:09:16,893 - kedro.io.data_catalog - INFO - Loading data from `example_test_y` (MemoryDataSet)...
2021-05-24 10:09:16,893 - kedro.pipeline.node - INFO - Running node: report: report_accuracy([example_predictions,example_test_y]) -> None
2021-05-24 10:09:16,894 - kedro_iris.pipelines.data_science.nodes - INFO - Model accuracy on test set: 86.67%
2021-05-24 10:09:16,895 - kedro.runner.sequential_runner - INFO - Completed 4 out of 4 tasks
2021-05-24 10:09:16,895 - kedro.runner.sequential_runner - INFO - Pipeline execution completed successfully.
2021-05-24 10:09:16,895 - kedro.framework.session.store - INFO - `save()` not implemented for `BaseSessionStore`. Skipping the step.
2021-05-24 10:10:20,978 - root - INFO - ** Kedro project kedro_iris
2021-05-24 10:10:20,989 - root - INFO - Defined global variable `context`, `session` and `catalog`
2021-05-24 10:44:07,078 - root - INFO - ** Kedro project kedro-iris
2021-05-24 10:44:10,498 - kedro.io.data_catalog - INFO - Loading data from `example_iris_data` (CSVDataSet)...
2021-05-24 10:44:10,517 - kedro.io.data_catalog - INFO - Loading data from `params:example_test_data_ratio` (MemoryDataSet)...
2021-05-24 10:44:10,518 - kedro.pipeline.node - INFO - Running node: split: split_data([example_iris_data,params:example_test_data_ratio]) -> [example_test_x,example_test_y,example_train_x,example_train_y]
2021-05-24 10:44:10,707 - kedro.io.data_catalog - INFO - Saving data to `example_train_x` (MemoryDataSet)...
2021-05-24 10:44:10,709 - kedro.io.data_catalog - INFO - Saving data to `example_train_y` (MemoryDataSet)...
2021-05-24 10:44:10,710 - kedro.io.data_catalog - INFO - Saving data to `example_test_x` (MemoryDataSet)...
2021-05-24 10:44:10,711 - kedro.io.data_catalog - INFO - Saving data to `example_test_y` (MemoryDataSet)...
2021-05-24 10:44:10,713 - kedro.runner.sequential_runner - INFO - Completed 1 out of 4 tasks
2021-05-24 10:44:10,714 - kedro.io.data_catalog - INFO - Loading data from `example_train_x` (MemoryDataSet)...
2021-05-24 10:44:10,715 - kedro.io.data_catalog - INFO - Loading data from `example_train_y` (MemoryDataSet)...
2021-05-24 10:44:10,715 - kedro.io.data_catalog - INFO - Loading data from `parameters` (MemoryDataSet)...
2021-05-24 10:44:10,716 - kedro.pipeline.node - INFO - Running node: train: train_model([example_train_x,example_train_y,parameters]) -> [example_model]
2021-05-24 10:44:11,230 - kedro.io.data_catalog - INFO - Saving data to `example_model` (MemoryDataSet)...
2021-05-24 10:44:11,231 - kedro.runner.sequential_runner - INFO - Completed 2 out of 4 tasks
2021-05-24 10:44:11,231 - kedro.io.data_catalog - INFO - Loading data from `example_model` (MemoryDataSet)...
2021-05-24 10:44:11,231 - kedro.io.data_catalog - INFO - Loading data from `example_test_x` (MemoryDataSet)...
2021-05-24 10:44:11,232 - kedro.pipeline.node - INFO - Running node: predict: predict([example_model,example_test_x]) -> [example_predictions]
2021-05-24 10:44:11,255 - kedro.io.data_catalog - INFO - Saving data to `example_predictions` (MemoryDataSet)...
2021-05-24 10:44:11,256 - kedro.runner.sequential_runner - INFO - Completed 3 out of 4 tasks
2021-05-24 10:44:11,256 - kedro.io.data_catalog - INFO - Loading data from `example_predictions` (MemoryDataSet)...
2021-05-24 10:44:11,257 - kedro.io.data_catalog - INFO - Loading data from `example_test_y` (MemoryDataSet)...
2021-05-24 10:44:11,257 - kedro.pipeline.node - INFO - Running node: report: report_accuracy([example_predictions,example_test_y]) -> None
2021-05-24 10:44:11,257 - kedro_iris.pipelines.data_science.nodes - INFO - Model accuracy on test set: 100.00%
2021-05-24 10:44:11,258 - kedro.runner.sequential_runner - INFO - Completed 4 out of 4 tasks
2021-05-24 10:44:11,258 - kedro.runner.sequential_runner - INFO - Pipeline execution completed successfully.
2021-05-24 10:44:11,258 - kedro.framework.session.store - INFO - `save()` not implemented for `BaseSessionStore`. Skipping the step.
2021-05-24 10:44:30,279 - root - INFO - ** Kedro project kedro-iris
2021-05-24 10:44:30,688 - kedro.io.data_catalog - INFO - Loading data from `example_iris_data` (CSVDataSet)...
2021-05-24 10:44:30,693 - kedro.io.data_catalog - INFO - Loading data from `params:example_test_data_ratio` (MemoryDataSet)...
2021-05-24 10:44:30,693 - kedro.pipeline.node - INFO - Running node: split: split_data([example_iris_data,params:example_test_data_ratio]) -> [example_test_x,example_test_y,example_train_x,example_train_y]
2021-05-24 10:44:30,704 - kedro.io.data_catalog - INFO - Saving data to `example_train_x` (MemoryDataSet)...
2021-05-24 10:44:30,704 - kedro.io.data_catalog - INFO - Saving data to `example_train_y` (MemoryDataSet)...
2021-05-24 10:44:30,704 - kedro.io.data_catalog - INFO - Saving data to `example_test_x` (MemoryDataSet)...
2021-05-24 10:44:30,704 - kedro.io.data_catalog - INFO - Saving data to `example_test_y` (MemoryDataSet)...
2021-05-24 10:44:30,705 - kedro.runner.sequential_runner - INFO - Completed 1 out of 4 tasks
2021-05-24 10:44:30,705 - kedro.io.data_catalog - INFO - Loading data from `example_train_x` (MemoryDataSet)...
2021-05-24 10:44:30,705 - kedro.io.data_catalog - INFO - Loading data from `example_train_y` (MemoryDataSet)...
2021-05-24 10:44:30,706 - kedro.io.data_catalog - INFO - Loading data from `parameters` (MemoryDataSet)...
2021-05-24 10:44:30,706 - kedro.pipeline.node - INFO - Running node: train: train_model([example_train_x,example_train_y,parameters]) -> [example_model]
2021-05-24 10:44:31,205 - kedro.io.data_catalog - INFO - Saving data to `example_model` (MemoryDataSet)...
2021-05-24 10:44:31,206 - kedro.runner.sequential_runner - INFO - Completed 2 out of 4 tasks
2021-05-24 10:44:31,206 - kedro.io.data_catalog - INFO - Loading data from `example_model` (MemoryDataSet)...
2021-05-24 10:44:31,206 - kedro.io.data_catalog - INFO - Loading data from `example_test_x` (MemoryDataSet)...
2021-05-24 10:44:31,207 - kedro.pipeline.node - INFO - Running node: predict: predict([example_model,example_test_x]) -> [example_predictions]
2021-05-24 10:44:31,207 - kedro.io.data_catalog - INFO - Saving data to `example_predictions` (MemoryDataSet)...
2021-05-24 10:44:31,207 - kedro.runner.sequential_runner - INFO - Completed 3 out of 4 tasks
2021-05-24 10:44:31,208 - kedro.io.data_catalog - INFO - Loading data from `example_predictions` (MemoryDataSet)...
2021-05-24 10:44:31,208 - kedro.io.data_catalog - INFO - Loading data from `example_test_y` (MemoryDataSet)...
2021-05-24 10:44:31,208 - kedro.pipeline.node - INFO - Running node: report: report_accuracy([example_predictions,example_test_y]) -> None
2021-05-24 10:44:31,208 - kedro_iris.pipelines.data_science.nodes - INFO - Model accuracy on test set: 86.67%
2021-05-24 10:44:31,209 - kedro.runner.sequential_runner - INFO - Completed 4 out of 4 tasks
2021-05-24 10:44:31,209 - kedro.runner.sequential_runner - INFO - Pipeline execution completed successfully.
2021-05-24 10:44:31,209 - kedro.framework.session.store - INFO - `save()` not implemented for `BaseSessionStore`. Skipping the step.
2021-05-24 11:41:27,287 - root - INFO - ** Kedro project kedro-iris
2021-05-24 11:41:38,317 - kedro.io.data_catalog - INFO - Loading data from `example_iris_data` (CSVDataSet)...
2021-05-24 11:41:38,341 - kedro.io.data_catalog - INFO - Loading data from `params:example_test_data_ratio` (MemoryDataSet)...
2021-05-24 11:41:38,341 - kedro.pipeline.node - INFO - Running node: split: split_data([example_iris_data,params:example_test_data_ratio]) -> [example_test_x,example_test_y,example_train_x,example_train_y]
2021-05-24 11:41:38,470 - kedro.io.data_catalog - INFO - Saving data to `example_train_x` (MemoryDataSet)...
2021-05-24 11:41:38,471 - kedro.io.data_catalog - INFO - Saving data to `example_train_y` (MemoryDataSet)...
2021-05-24 11:41:38,472 - kedro.io.data_catalog - INFO - Saving data to `example_test_x` (MemoryDataSet)...
2021-05-24 11:41:38,473 - kedro.io.data_catalog - INFO - Saving data to `example_test_y` (MemoryDataSet)...
2021-05-24 11:41:38,474 - kedro.runner.sequential_runner - INFO - Completed 1 out of 4 tasks
2021-05-24 11:41:38,475 - kedro.io.data_catalog - INFO - Loading data from `example_train_x` (MemoryDataSet)...
2021-05-24 11:41:38,475 - kedro.io.data_catalog - INFO - Loading data from `example_train_y` (MemoryDataSet)...
2021-05-24 11:41:38,476 - kedro.io.data_catalog - INFO - Loading data from `parameters` (MemoryDataSet)...
2021-05-24 11:41:38,476 - kedro.pipeline.node - INFO - Running node: train: train_model([example_train_x,example_train_y,parameters]) -> [example_model]
2021-05-24 11:41:39,046 - kedro.io.data_catalog - INFO - Saving data to `example_model` (MemoryDataSet)...
2021-05-24 11:41:39,047 - kedro.runner.sequential_runner - INFO - Completed 2 out of 4 tasks
2021-05-24 11:41:39,047 - kedro.io.data_catalog - INFO - Loading data from `example_model` (MemoryDataSet)...
2021-05-24 11:41:39,047 - kedro.io.data_catalog - INFO - Loading data from `example_test_x` (MemoryDataSet)...
2021-05-24 11:41:39,048 - kedro.pipeline.node - INFO - Running node: predict: predict([example_model,example_test_x]) -> [example_predictions]
2021-05-24 11:41:39,076 - kedro.io.data_catalog - INFO - Saving data to `example_predictions` (MemoryDataSet)...
2021-05-24 11:41:39,077 - kedro.runner.sequential_runner - INFO - Completed 3 out of 4 tasks
2021-05-24 11:41:39,077 - kedro.io.data_catalog - INFO - Loading data from `example_predictions` (MemoryDataSet)...
2021-05-24 11:41:39,077 - kedro.io.data_catalog - INFO - Loading data from `example_test_y` (MemoryDataSet)...
2021-05-24 11:41:39,077 - kedro.pipeline.node - INFO - Running node: report: report_accuracy([example_predictions,example_test_y]) -> None
2021-05-24 11:41:39,078 - kedro_iris.pipelines.data_science.nodes - INFO - Model accuracy on test set: 100.00%
2021-05-24 11:41:39,078 - kedro.runner.sequential_runner - INFO - Completed 4 out of 4 tasks
2021-05-24 11:41:39,079 - kedro.runner.sequential_runner - INFO - Pipeline execution completed successfully.
2021-05-24 11:41:39,079 - kedro.framework.session.store - INFO - `save()` not implemented for `BaseSessionStore`. Skipping the step.
